<?xml version="1.0" encoding="UTF-8"?>
<testng-results ignored="0" total="4" passed="4" failed="0" skipped="0">
  <reporter-output>
  </reporter-output>
  <suite started-at="2023-03-03T13:32:31 IST" name="Default suite" finished-at="2023-03-03T13:33:13 IST" duration-ms="42770">
    <groups>
    </groups>
    <test started-at="2023-03-03T13:32:31 IST" name="Default test" finished-at="2023-03-03T13:33:13 IST" duration-ms="42770">
      <class name="orangehrm.UsingJXLExample">
        <test-method signature="bothcorrectexample(java.lang.String,java.lang.String)[pri:0, instance:orangehrm.UsingJXLExample@1b7cc17c]" started-at="2023-03-03T13:32:31 IST" name="bothcorrectexample" data-provider="datapprovider" finished-at="2023-03-03T13:32:43 IST" duration-ms="12394" status="PASS">
          <params>
            <param index="0">
              <value>
                <![CDATA[Admin]]>
              </value>
            </param>
            <param index="1">
              <value>
                <![CDATA[admin123]]>
              </value>
            </param>
          </params>
          <reporter-output>
          </reporter-output>
        </test-method> <!-- bothcorrectexample -->
        <test-method signature="bothcorrectexample(java.lang.String,java.lang.String)[pri:0, instance:orangehrm.UsingJXLExample@1b7cc17c]" started-at="2023-03-03T13:32:43 IST" name="bothcorrectexample" data-provider="datapprovider" finished-at="2023-03-03T13:32:54 IST" duration-ms="10440" status="PASS">
          <params>
            <param index="0">
              <value>
                <![CDATA[Admin1]]>
              </value>
            </param>
            <param index="1">
              <value>
                <![CDATA[admin1234]]>
              </value>
            </param>
          </params>
          <reporter-output>
          </reporter-output>
        </test-method> <!-- bothcorrectexample -->
        <test-method signature="bothcorrectexample(java.lang.String,java.lang.String)[pri:0, instance:orangehrm.UsingJXLExample@1b7cc17c]" started-at="2023-03-03T13:32:54 IST" name="bothcorrectexample" data-provider="datapprovider" finished-at="2023-03-03T13:33:03 IST" duration-ms="9747" status="PASS">
          <params>
            <param index="0">
              <value>
                <![CDATA[Admin]]>
              </value>
            </param>
            <param index="1">
              <value>
                <![CDATA[admin1234]]>
              </value>
            </param>
          </params>
          <reporter-output>
          </reporter-output>
        </test-method> <!-- bothcorrectexample -->
        <test-method signature="bothcorrectexample(java.lang.String,java.lang.String)[pri:0, instance:orangehrm.UsingJXLExample@1b7cc17c]" started-at="2023-03-03T13:33:03 IST" name="bothcorrectexample" data-provider="datapprovider" finished-at="2023-03-03T13:33:13 IST" duration-ms="10033" status="PASS">
          <params>
            <param index="0">
              <value>
                <![CDATA[Admin1]]>
              </value>
            </param>
            <param index="1">
              <value>
                <![CDATA[admin123]]>
              </value>
            </param>
          </params>
          <reporter-output>
          </reporter-output>
        </test-method> <!-- bothcorrectexample -->
      </class> <!-- orangehrm.UsingJXLExample -->
    </test> <!-- Default test -->
  </suite> <!-- Default suite -->
</testng-results>
