<?xml version="1.0" encoding="UTF-8"?>
<!-- Generated by org.testng.reporters.JUnitXMLReporter -->
<testsuite ignored="0" hostname="DESKTOP-GJ6D9AP" failures="0" tests="4" name="Default test" time="42.77" errors="0" timestamp="2023-03-03T13:33:13 IST">
  <testcase classname="orangehrm.UsingJXLExample" name="bothcorrectexample" time="12.394"/>
  <testcase classname="orangehrm.UsingJXLExample" name="bothcorrectexample" time="10.44"/>
  <testcase classname="orangehrm.UsingJXLExample" name="bothcorrectexample" time="9.747"/>
  <testcase classname="orangehrm.UsingJXLExample" name="bothcorrectexample" time="10.033"/>
</testsuite> <!-- Default test -->
